<?xml version="1.0" encoding="UTF-8"?>
<!-- Generated by org.testng.reporters.JUnitReportReporter -->
<testsuite skipped="0" hostname="LAPTOP-6T1UKP4L" name="org.test.testng.PersonalLoan" tests="3" failures="0" timestamp="15 Feb 2021 18:39:25 GMT" time="0.020" errors="0">
  <testcase name="two" time="0.004" classname="org.test.testng.PersonalLoan"/>
  <testcase name="seven" time="0.016" classname="org.test.testng.PersonalLoan"/>
  <testcase name="one" time="0.000" classname="org.test.testng.PersonalLoan"/>
</testsuite> <!-- org.test.testng.PersonalLoan -->
