<?xml version="1.0" encoding="UTF-8"?>
<!-- Generated by org.testng.reporters.JUnitReportReporter -->
<testsuite skipped="0" hostname="LAPTOP-6T1UKP4L" name="org.test.testng.HomeLoan" tests="1" failures="0" timestamp="15 Feb 2021 15:42:48 GMT" time="0.015" errors="0">
  <testcase name="six" time="0.015" classname="org.test.testng.HomeLoan"/>
</testsuite> <!-- org.test.testng.HomeLoan -->
