<?xml version="1.0" encoding="UTF-8"?>
<!-- Generated by org.testng.reporters.JUnitReportReporter -->
<testsuite skipped="0" hostname="LAPTOP-6T1UKP4L" name="org.test.testng.Day1" tests="2" failures="0" timestamp="13 Feb 2021 14:00:17 GMT" time="0.016" errors="0">
  <testcase name="Test1" time="0.016" classname="org.test.testng.Day1"/>
  <testcase name="Test2" time="0.000" classname="org.test.testng.Day1"/>
</testsuite> <!-- org.test.testng.Day1 -->
