<?xml version="1.0" encoding="UTF-8"?>
<!-- Generated by org.testng.reporters.JUnitReportReporter -->
<testsuite skipped="0" hostname="LAPTOP-6T1UKP4L" name="org.test.testng.CarLoan" tests="1" failures="0" timestamp="15 Feb 2021 15:42:48 GMT" time="0.000" errors="0">
  <testcase name="four" time="0.000" classname="org.test.testng.CarLoan"/>
</testsuite> <!-- org.test.testng.CarLoan -->
